<?xml version="1.0" encoding="UTF-8"?>
<coverage generated="1772381658067" clover="3.2.0">
  <project timestamp="1772381658067" name="All files">
    <metrics statements="159" coveredstatements="151" conditionals="63" coveredconditionals="56" methods="20" coveredmethods="19" elements="242" coveredelements="226" complexity="0" loc="159" ncloc="159" packages="7" files="10" classes="10"/>
    <package name="app.api.deposit">
      <metrics statements="17" coveredstatements="14" conditionals="4" coveredconditionals="3" methods="3" coveredmethods="3"/>
      <file name="route.ts" path="/var/tmp/vibe-kanban-dev/worktrees/40e5-05-deploy-test/foresight-apps/app/api/deposit/route.ts">
        <metrics statements="17" coveredstatements="14" conditionals="4" coveredconditionals="3" methods="3" coveredmethods="3"/>
        <line num="5" count="4" type="stmt"/>
        <line num="6" count="4" type="stmt"/>
        <line num="7" count="4" type="stmt"/>
        <line num="9" count="4" type="stmt"/>
        <line num="12" count="1" type="stmt"/>
        <line num="18" count="4" type="stmt"/>
        <line num="19" count="4" type="stmt"/>
        <line num="20" count="4" type="stmt"/>
        <line num="21" count="4" type="stmt"/>
        <line num="23" count="4" type="cond" truecount="1" falsecount="0"/>
        <line num="24" count="1" type="stmt"/>
        <line num="27" count="3" type="cond" truecount="2" falsecount="1"/>
        <line num="28" count="0" type="stmt"/>
        <line num="34" count="3" type="stmt"/>
        <line num="38" count="3" type="stmt"/>
        <line num="48" count="0" type="stmt"/>
        <line num="49" count="0" type="stmt"/>
      </file>
    </package>
    <package name="app.api.frame.action">
      <metrics statements="28" coveredstatements="24" conditionals="12" coveredconditionals="9" methods="4" coveredmethods="3"/>
      <file name="route.ts" path="/var/tmp/vibe-kanban-dev/worktrees/40e5-05-deploy-test/foresight-apps/app/api/frame/action/route.ts">
        <metrics statements="28" coveredstatements="24" conditionals="12" coveredconditionals="9" methods="4" coveredmethods="3"/>
        <line num="6" count="4" type="stmt"/>
        <line num="8" count="4" type="stmt"/>
        <line num="31" count="1" type="stmt"/>
        <line num="43" count="4" type="stmt"/>
        <line num="44" count="4" type="cond" truecount="1" falsecount="0"/>
        <line num="46" count="0" type="cond" truecount="0" falsecount="2"/>
        <line num="49" count="0" type="stmt"/>
        <line num="59" count="4" type="stmt"/>
        <line num="60" count="4" type="stmt"/>
        <line num="61" count="4" type="stmt"/>
        <line num="62" count="4" type="cond" truecount="1" falsecount="1"/>
        <line num="63" count="4" type="stmt"/>
        <line num="66" count="4" type="cond" truecount="2" falsecount="0"/>
        <line num="67" count="4" type="stmt"/>
        <line num="68" count="4" type="cond" truecount="2" falsecount="0"/>
        <line num="71" count="4" type="stmt"/>
        <line num="78" count="4" type="stmt"/>
        <line num="81" count="4" type="cond" truecount="3" falsecount="0"/>
        <line num="83" count="2" type="stmt"/>
        <line num="84" count="2" type="stmt"/>
        <line num="86" count="1" type="stmt"/>
        <line num="87" count="1" type="stmt"/>
        <line num="89" count="1" type="stmt"/>
        <line num="93" count="3" type="stmt"/>
        <line num="99" count="3" type="stmt"/>
        <line num="100" count="3" type="stmt"/>
        <line num="102" count="0" type="stmt"/>
        <line num="103" count="0" type="stmt"/>
      </file>
    </package>
    <package name="app.api.preview">
      <metrics statements="23" coveredstatements="22" conditionals="4" coveredconditionals="3" methods="1" coveredmethods="1"/>
      <file name="route.ts" path="/var/tmp/vibe-kanban-dev/worktrees/40e5-05-deploy-test/foresight-apps/app/api/preview/route.ts">
        <metrics statements="23" coveredstatements="22" conditionals="4" coveredconditionals="3" methods="1" coveredmethods="1"/>
        <line num="5" count="5" type="stmt"/>
        <line num="6" count="5" type="stmt"/>
        <line num="7" count="5" type="stmt"/>
        <line num="8" count="5" type="stmt"/>
        <line num="10" count="5" type="stmt"/>
        <line num="12" count="5" type="stmt"/>
        <line num="21" count="5" type="stmt"/>
        <line num="22" count="5" type="stmt"/>
        <line num="23" count="5" type="stmt"/>
        <line num="24" count="5" type="stmt"/>
        <line num="27" count="5" type="cond" truecount="3" falsecount="0"/>
        <line num="28" count="3" type="stmt"/>
        <line num="31" count="2" type="stmt"/>
        <line num="33" count="2" type="cond" truecount="0" falsecount="1"/>
        <line num="34" count="0" type="stmt"/>
        <line num="38" count="2" type="stmt"/>
        <line num="45" count="1" type="stmt"/>
        <line num="46" count="1" type="stmt"/>
        <line num="47" count="1" type="stmt"/>
        <line num="49" count="1" type="stmt"/>
        <line num="51" count="1" type="stmt"/>
        <line num="61" count="1" type="stmt"/>
        <line num="62" count="1" type="stmt"/>
      </file>
    </package>
    <package name="app.api.telegram-qr">
      <metrics statements="17" coveredstatements="17" conditionals="6" coveredconditionals="6" methods="1" coveredmethods="1"/>
      <file name="route.ts" path="/var/tmp/vibe-kanban-dev/worktrees/40e5-05-deploy-test/foresight-apps/app/api/telegram-qr/route.ts">
        <metrics statements="17" coveredstatements="17" conditionals="6" coveredconditionals="6" methods="1" coveredmethods="1"/>
        <line num="6" count="5" type="stmt"/>
        <line num="8" count="5" type="stmt"/>
        <line num="11" count="5" type="cond" truecount="2" falsecount="0"/>
        <line num="13" count="5" type="stmt"/>
        <line num="14" count="5" type="stmt"/>
        <line num="15" count="5" type="cond" truecount="2" falsecount="0"/>
        <line num="18" count="5" type="cond" truecount="1" falsecount="0"/>
        <line num="19" count="1" type="stmt"/>
        <line num="22" count="4" type="stmt"/>
        <line num="23" count="4" type="stmt"/>
        <line num="25" count="4" type="stmt"/>
        <line num="26" count="4" type="stmt"/>
        <line num="30" count="3" type="cond" truecount="1" falsecount="0"/>
        <line num="31" count="1" type="stmt"/>
        <line num="37" count="2" type="stmt"/>
        <line num="39" count="2" type="stmt"/>
        <line num="48" count="3" type="stmt"/>
      </file>
    </package>
    <package name="app.api.telegram-webhook">
      <metrics statements="28" coveredstatements="28" conditionals="15" coveredconditionals="14" methods="3" coveredmethods="3"/>
      <file name="route.ts" path="/var/tmp/vibe-kanban-dev/worktrees/40e5-05-deploy-test/foresight-apps/app/api/telegram-webhook/route.ts">
        <metrics statements="28" coveredstatements="28" conditionals="15" coveredconditionals="14" methods="3" coveredmethods="3"/>
        <line num="6" count="8" type="stmt"/>
        <line num="8" count="8" type="stmt"/>
        <line num="10" count="8" type="cond" truecount="2" falsecount="0"/>
        <line num="12" count="8" type="cond" truecount="2" falsecount="0"/>
        <line num="28" count="2" type="cond" truecount="0" falsecount="1"/>
        <line num="30" count="2" type="stmt"/>
        <line num="48" count="3" type="cond" truecount="1" falsecount="0"/>
        <line num="50" count="2" type="stmt"/>
        <line num="60" count="8" type="stmt"/>
        <line num="63" count="8" type="stmt"/>
        <line num="64" count="8" type="stmt"/>
        <line num="66" count="1" type="stmt"/>
        <line num="69" count="7" type="stmt"/>
        <line num="70" count="7" type="cond" truecount="3" falsecount="0"/>
        <line num="72" count="2" type="stmt"/>
        <line num="75" count="5" type="stmt"/>
        <line num="77" count="5" type="cond" truecount="2" falsecount="0"/>
        <line num="78" count="3" type="stmt"/>
        <line num="79" count="3" type="cond" truecount="2" falsecount="0"/>
        <line num="82" count="3" type="cond" truecount="1" falsecount="0"/>
        <line num="83" count="1" type="stmt"/>
        <line num="84" count="1" type="stmt"/>
        <line num="87" count="2" type="stmt"/>
        <line num="88" count="2" type="stmt"/>
        <line num="90" count="2" type="stmt"/>
        <line num="91" count="2" type="cond" truecount="1" falsecount="0"/>
        <line num="92" count="2" type="stmt"/>
        <line num="98" count="4" type="stmt"/>
      </file>
    </package>
    <package name="components">
      <metrics statements="13" coveredstatements="13" conditionals="5" coveredconditionals="4" methods="5" coveredmethods="5"/>
      <file name="ErrorBoundary.tsx" path="/var/tmp/vibe-kanban-dev/worktrees/40e5-05-deploy-test/foresight-apps/components/ErrorBoundary.tsx">
        <metrics statements="9" coveredstatements="9" conditionals="5" coveredconditionals="4" methods="4" coveredmethods="4"/>
        <line num="6" count="1" type="stmt"/>
        <line num="18" count="1" type="stmt"/>
        <line num="20" count="10" type="stmt"/>
        <line num="21" count="9" type="stmt"/>
        <line num="25" count="8" type="stmt"/>
        <line num="29" count="4" type="stmt"/>
        <line num="33" count="17" type="cond" truecount="1" falsecount="0"/>
        <line num="34" count="8" type="cond" truecount="2" falsecount="0"/>
        <line num="54" count="9" type="stmt"/>
      </file>
      <file name="YieldCard.tsx" path="/var/tmp/vibe-kanban-dev/worktrees/40e5-05-deploy-test/foresight-apps/components/YieldCard.tsx">
        <metrics statements="4" coveredstatements="4" conditionals="0" coveredconditionals="0" methods="1" coveredmethods="1"/>
        <line num="12" count="1" type="stmt"/>
        <line num="13" count="6" type="stmt"/>
        <line num="14" count="6" type="stmt"/>
        <line num="16" count="6" type="stmt"/>
      </file>
    </package>
    <package name="lib">
      <metrics statements="33" coveredstatements="33" conditionals="17" coveredconditionals="17" methods="3" coveredmethods="3"/>
      <file name="constants.ts" path="/var/tmp/vibe-kanban-dev/worktrees/40e5-05-deploy-test/foresight-apps/lib/constants.ts">
        <metrics statements="5" coveredstatements="5" conditionals="2" coveredconditionals="2" methods="0" coveredmethods="0"/>
        <line num="4" count="1" type="stmt"/>
        <line num="10" count="1" type="stmt"/>
        <line num="12" count="1" type="stmt"/>
        <line num="14" count="1" type="stmt"/>
        <line num="16" count="1" type="stmt"/>
      </file>
      <file name="viem.ts" path="/var/tmp/vibe-kanban-dev/worktrees/40e5-05-deploy-test/foresight-apps/lib/viem.ts">
        <metrics statements="3" coveredstatements="3" conditionals="2" coveredconditionals="2" methods="0" coveredmethods="0"/>
        <line num="5" count="1" type="stmt"/>
        <line num="6" count="1" type="stmt"/>
        <line num="8" count="1" type="stmt"/>
      </file>
      <file name="wallet.ts" path="/var/tmp/vibe-kanban-dev/worktrees/40e5-05-deploy-test/foresight-apps/lib/wallet.ts">
        <metrics statements="25" coveredstatements="25" conditionals="13" coveredconditionals="13" methods="3" coveredmethods="3"/>
        <line num="6" count="10" type="stmt"/>
        <line num="7" count="10" type="stmt"/>
        <line num="8" count="10" type="stmt"/>
        <line num="9" count="10" type="stmt"/>
        <line num="29" count="10" type="stmt"/>
        <line num="30" count="4" type="cond" truecount="3" falsecount="0"/>
        <line num="31" count="2" type="stmt"/>
        <line num="34" count="2" type="stmt"/>
        <line num="38" count="2" type="cond" truecount="3" falsecount="0"/>
        <line num="39" count="1" type="stmt"/>
        <line num="42" count="1" type="stmt"/>
        <line num="44" count="1" type="stmt"/>
        <line num="50" count="1" type="stmt"/>
        <line num="57" count="10" type="stmt"/>
        <line num="62" count="2" type="stmt"/>
        <line num="70" count="2" type="stmt"/>
        <line num="77" count="10" type="stmt"/>
        <line num="78" count="2" type="cond" truecount="3" falsecount="0"/>
        <line num="79" count="1" type="stmt"/>
        <line num="81" count="1" type="stmt"/>
        <line num="84" count="1" type="stmt"/>
        <line num="90" count="10" type="stmt"/>
        <line num="91" count="2" type="cond" truecount="3" falsecount="0"/>
        <line num="92" count="1" type="stmt"/>
        <line num="94" count="1" type="stmt"/>
      </file>
    </package>
  </project>
</coverage>
