{"/var/tmp/vibe-kanban-dev/worktrees/7dea-02-frame-core/foresight-apps/app/api/deposit/route.ts": {"path":"/var/tmp/vibe-kanban-dev/worktrees/7dea-02-frame-core/foresight-apps/app/api/deposit/route.ts","statementMap":{"0":{"start":{"line":11,"column":0},"end":{"line":11,"column":7}},"1":{"start":{"line":5,"column":0},"end":{"line":5,"column":55}},"2":{"start":{"line":6,"column":0},"end":{"line":6,"column":67}},"3":{"start":{"line":7,"column":0},"end":{"line":7,"column":44}},"4":{"start":{"line":9,"column":13},"end":{"line":9,"column":null}},"5":{"start":{"line":12,"column":2},"end":{"line":49,"column":3}},"6":{"start":{"line":13,"column":17},"end":{"line":13,"column":33}},"7":{"start":{"line":14,"column":44},"end":{"line":14,"column":71}},"8":{"start":{"line":16,"column":4},"end":{"line":21,"column":5}},"9":{"start":{"line":17,"column":6},"end":{"line":20,"column":null}},"10":{"start":{"line":23,"column":4},"end":{"line":28,"column":5}},"11":{"start":{"line":24,"column":6},"end":{"line":27,"column":null}},"12":{"start":{"line":33,"column":4},"end":{"line":45,"column":null}},"13":{"start":{"line":37,"column":36},"end":{"line":37,"column":57}},"14":{"start":{"line":47,"column":4},"end":{"line":47,"column":null}},"15":{"start":{"line":48,"column":4},"end":{"line":48,"column":null}}},"fnMap":{"0":{"name":"POST","decl":{"start":{"line":11,"column":22},"end":{"line":11,"column":26}},"loc":{"start":{"line":11,"column":43},"end":{"line":50,"column":1}}},"1":{"name":"(anonymous_1)","decl":{"start":{"line":37,"column":30},"end":{"line":37,"column":32}},"loc":{"start":{"line":37,"column":36},"end":{"line":37,"column":57}}}},"branchMap":{"0":{"loc":{"start":{"line":16,"column":4},"end":{"line":21,"column":5}},"type":"if","locations":[{"start":{"line":16,"column":4},"end":{"line":21,"column":5}}]},"1":{"loc":{"start":{"line":23,"column":4},"end":{"line":28,"column":5}},"type":"if","locations":[{"start":{"line":23,"column":4},"end":{"line":28,"column":5}}]},"2":{"loc":{"start":{"line":23,"column":8},"end":{"line":23,"column":92}},"type":"binary-expr","locations":[{"start":{"line":23,"column":8},"end":{"line":23,"column":24}},{"start":{"line":23,"column":28},"end":{"line":23,"column":92}}]}},"s":{"0":4,"1":4,"2":4,"3":4,"4":4,"5":4,"6":4,"7":4,"8":4,"9":1,"10":3,"11":0,"12":3,"13":3,"14":0,"15":0},"f":{"0":4,"1":3},"b":{"0":[1],"1":[0],"2":[3,3]}}
,"/var/tmp/vibe-kanban-dev/worktrees/7dea-02-frame-core/foresight-apps/app/api/frame/action/route.ts": {"path":"/var/tmp/vibe-kanban-dev/worktrees/7dea-02-frame-core/foresight-apps/app/api/frame/action/route.ts","statementMap":{"0":{"start":{"line":30,"column":0},"end":{"line":30,"column":7}},"1":{"start":{"line":6,"column":0},"end":{"line":6,"column":55}},"2":{"start":{"line":8,"column":13},"end":{"line":8,"column":null}},"3":{"start":{"line":31,"column":2},"end":{"line":62,"column":3}},"4":{"start":{"line":32,"column":34},"end":{"line":32,"column":50}},"5":{"start":{"line":33,"column":24},"end":{"line":33,"column":60}},"6":{"start":{"line":36,"column":19},"end":{"line":36,"column":37}},"7":{"start":{"line":39,"column":4},"end":{"line":48,"column":5}},"8":{"start":{"line":41,"column":8},"end":{"line":41,"column":null}},"9":{"start":{"line":42,"column":8},"end":{"line":42,"column":13}},"10":{"start":{"line":44,"column":8},"end":{"line":44,"column":null}},"11":{"start":{"line":45,"column":8},"end":{"line":45,"column":13}},"12":{"start":{"line":47,"column":8},"end":{"line":47,"column":null}},"13":{"start":{"line":51,"column":21},"end":{"line":55,"column":6}},"14":{"start":{"line":57,"column":17},"end":{"line":57,"column":38}},"15":{"start":{"line":58,"column":4},"end":{"line":58,"column":null}},"16":{"start":{"line":60,"column":4},"end":{"line":60,"column":null}},"17":{"start":{"line":61,"column":4},"end":{"line":61,"column":null}}},"fnMap":{"0":{"name":"POST","decl":{"start":{"line":30,"column":22},"end":{"line":30,"column":26}},"loc":{"start":{"line":30,"column":43},"end":{"line":63,"column":1}}}},"branchMap":{"0":{"loc":{"start":{"line":33,"column":24},"end":{"line":33,"column":60}},"type":"binary-expr","locations":[{"start":{"line":33,"column":24},"end":{"line":33,"column":55}},{"start":{"line":33,"column":59},"end":{"line":33,"column":60}}]},"1":{"loc":{"start":{"line":39,"column":4},"end":{"line":48,"column":5}},"type":"switch","locations":[{"start":{"line":40,"column":6},"end":{"line":42,"column":13}},{"start":{"line":43,"column":6},"end":{"line":45,"column":13}},{"start":{"line":46,"column":6},"end":{"line":47,"column":null}}]}},"s":{"0":4,"1":4,"2":4,"3":4,"4":4,"5":4,"6":4,"7":4,"8":2,"9":2,"10":1,"11":1,"12":1,"13":3,"14":3,"15":3,"16":0,"17":0},"f":{"0":4},"b":{"0":[4,0],"1":[2,1,1]}}
,"/var/tmp/vibe-kanban-dev/worktrees/7dea-02-frame-core/foresight-apps/app/api/preview/route.ts": {"path":"/var/tmp/vibe-kanban-dev/worktrees/7dea-02-frame-core/foresight-apps/app/api/preview/route.ts","statementMap":{"0":{"start":{"line":21,"column":0},"end":{"line":21,"column":7}},"1":{"start":{"line":5,"column":0},"end":{"line":5,"column":55}},"2":{"start":{"line":6,"column":0},"end":{"line":6,"column":41}},"3":{"start":{"line":7,"column":0},"end":{"line":7,"column":44}},"4":{"start":{"line":8,"column":0},"end":{"line":8,"column":84}},"5":{"start":{"line":10,"column":13},"end":{"line":10,"column":null}},"6":{"start":{"line":12,"column":22},"end":{"line":19,"column":null}},"7":{"start":{"line":22,"column":2},"end":{"line":63,"column":3}},"8":{"start":{"line":23,"column":17},"end":{"line":23,"column":33}},"9":{"start":{"line":24,"column":51},"end":{"line":24,"column":77}},"10":{"start":{"line":27,"column":4},"end":{"line":29,"column":5}},"11":{"start":{"line":28,"column":6},"end":{"line":28,"column":null}},"12":{"start":{"line":31,"column":23},"end":{"line":31,"column":40}},"13":{"start":{"line":33,"column":4},"end":{"line":35,"column":5}},"14":{"start":{"line":34,"column":6},"end":{"line":34,"column":null}},"15":{"start":{"line":38,"column":19},"end":{"line":43,"column":6}},"16":{"start":{"line":45,"column":25},"end":{"line":45,"column":51}},"17":{"start":{"line":46,"column":22},"end":{"line":46,"column":64}},"18":{"start":{"line":47,"column":23},"end":{"line":47,"column":25}},"19":{"start":{"line":49,"column":16},"end":{"line":49,"column":76}},"20":{"start":{"line":51,"column":4},"end":{"line":58,"column":null}},"21":{"start":{"line":61,"column":4},"end":{"line":61,"column":null}},"22":{"start":{"line":62,"column":4},"end":{"line":62,"column":null}}},"fnMap":{"0":{"name":"POST","decl":{"start":{"line":21,"column":22},"end":{"line":21,"column":26}},"loc":{"start":{"line":21,"column":43},"end":{"line":64,"column":1}}}},"branchMap":{"0":{"loc":{"start":{"line":27,"column":4},"end":{"line":29,"column":5}},"type":"if","locations":[{"start":{"line":27,"column":4},"end":{"line":29,"column":5}}]},"1":{"loc":{"start":{"line":27,"column":8},"end":{"line":27,"column":86}},"type":"binary-expr","locations":[{"start":{"line":27,"column":8},"end":{"line":27,"column":18}},{"start":{"line":27,"column":22},"end":{"line":27,"column":86}}]},"2":{"loc":{"start":{"line":33,"column":4},"end":{"line":35,"column":5}},"type":"if","locations":[{"start":{"line":33,"column":4},"end":{"line":35,"column":5}}]}},"s":{"0":5,"1":5,"2":5,"3":5,"4":5,"5":5,"6":5,"7":5,"8":5,"9":5,"10":5,"11":3,"12":2,"13":2,"14":0,"15":2,"16":1,"17":1,"18":1,"19":1,"20":1,"21":1,"22":1},"f":{"0":5},"b":{"0":[3],"1":[5,2],"2":[0]}}
,"/var/tmp/vibe-kanban-dev/worktrees/7dea-02-frame-core/foresight-apps/lib/viem.ts": {"path":"/var/tmp/vibe-kanban-dev/worktrees/7dea-02-frame-core/foresight-apps/lib/viem.ts","statementMap":{"0":{"start":{"line":5,"column":0},"end":{"line":5,"column":47}},"1":{"start":{"line":6,"column":0},"end":{"line":6,"column":34}},"2":{"start":{"line":8,"column":13},"end":{"line":11,"column":null}}},"fnMap":{},"branchMap":{"0":{"loc":{"start":{"line":10,"column":18},"end":{"line":10,"column":79}},"type":"binary-expr","locations":[{"start":{"line":10,"column":18},"end":{"line":10,"column":49}},{"start":{"line":10,"column":53},"end":{"line":10,"column":79}}]}},"s":{"0":1,"1":1,"2":1},"f":{},"b":{"0":[1,1]}}
}
