{"/var/tmp/vibe-kanban-dev/worktrees/40e5-05-deploy-test/foresight-apps/app/api/deposit/route.ts": {"path":"/var/tmp/vibe-kanban-dev/worktrees/40e5-05-deploy-test/foresight-apps/app/api/deposit/route.ts","statementMap":{"0":{"start":{"line":18,"column":0},"end":{"line":18,"column":7}},"1":{"start":{"line":5,"column":0},"end":{"line":5,"column":55}},"2":{"start":{"line":6,"column":0},"end":{"line":6,"column":67}},"3":{"start":{"line":7,"column":0},"end":{"line":7,"column":44}},"4":{"start":{"line":9,"column":13},"end":{"line":9,"column":null}},"5":{"start":{"line":12,"column":2},"end":{"line":15,"column":null}},"6":{"start":{"line":19,"column":2},"end":{"line":50,"column":3}},"7":{"start":{"line":20,"column":17},"end":{"line":20,"column":33}},"8":{"start":{"line":21,"column":44},"end":{"line":21,"column":71}},"9":{"start":{"line":23,"column":4},"end":{"line":25,"column":5}},"10":{"start":{"line":24,"column":6},"end":{"line":24,"column":null}},"11":{"start":{"line":27,"column":4},"end":{"line":29,"column":5}},"12":{"start":{"line":28,"column":6},"end":{"line":28,"column":null}},"13":{"start":{"line":34,"column":4},"end":{"line":46,"column":null}},"14":{"start":{"line":38,"column":36},"end":{"line":38,"column":57}},"15":{"start":{"line":48,"column":4},"end":{"line":48,"column":null}},"16":{"start":{"line":49,"column":4},"end":{"line":49,"column":null}}},"fnMap":{"0":{"name":"errorResponse","decl":{"start":{"line":11,"column":9},"end":{"line":11,"column":22}},"loc":{"start":{"line":11,"column":54},"end":{"line":16,"column":1}}},"1":{"name":"POST","decl":{"start":{"line":18,"column":22},"end":{"line":18,"column":26}},"loc":{"start":{"line":18,"column":43},"end":{"line":51,"column":1}}},"2":{"name":"(anonymous_2)","decl":{"start":{"line":38,"column":30},"end":{"line":38,"column":32}},"loc":{"start":{"line":38,"column":36},"end":{"line":38,"column":57}}}},"branchMap":{"0":{"loc":{"start":{"line":23,"column":4},"end":{"line":25,"column":5}},"type":"if","locations":[{"start":{"line":23,"column":4},"end":{"line":25,"column":5}}]},"1":{"loc":{"start":{"line":27,"column":4},"end":{"line":29,"column":5}},"type":"if","locations":[{"start":{"line":27,"column":4},"end":{"line":29,"column":5}}]},"2":{"loc":{"start":{"line":27,"column":8},"end":{"line":27,"column":92}},"type":"binary-expr","locations":[{"start":{"line":27,"column":8},"end":{"line":27,"column":24}},{"start":{"line":27,"column":28},"end":{"line":27,"column":92}}]}},"s":{"0":4,"1":4,"2":4,"3":4,"4":4,"5":1,"6":4,"7":4,"8":4,"9":4,"10":1,"11":3,"12":0,"13":3,"14":3,"15":0,"16":0},"f":{"0":1,"1":4,"2":3},"b":{"0":[1],"1":[0],"2":[3,3]}}
,"/var/tmp/vibe-kanban-dev/worktrees/40e5-05-deploy-test/foresight-apps/app/api/frame/action/route.ts": {"path":"/var/tmp/vibe-kanban-dev/worktrees/40e5-05-deploy-test/foresight-apps/app/api/frame/action/route.ts","statementMap":{"0":{"start":{"line":59,"column":0},"end":{"line":59,"column":7}},"1":{"start":{"line":6,"column":0},"end":{"line":6,"column":55}},"2":{"start":{"line":8,"column":13},"end":{"line":8,"column":null}},"3":{"start":{"line":31,"column":2},"end":{"line":34,"column":null}},"4":{"start":{"line":43,"column":14},"end":{"line":43,"column":37}},"5":{"start":{"line":44,"column":2},"end":{"line":44,"column":18}},"6":{"start":{"line":44,"column":12},"end":{"line":44,"column":18}},"7":{"start":{"line":46,"column":21},"end":{"line":46,"column":51}},"8":{"start":{"line":49,"column":2},"end":{"line":56,"column":21}},"9":{"start":{"line":60,"column":2},"end":{"line":104,"column":3}},"10":{"start":{"line":61,"column":34},"end":{"line":61,"column":50}},"11":{"start":{"line":62,"column":24},"end":{"line":62,"column":60}},"12":{"start":{"line":63,"column":16},"end":{"line":63,"column":39}},"13":{"start":{"line":66,"column":21},"end":{"line":66,"column":50}},"14":{"start":{"line":67,"column":24},"end":{"line":67,"column":59}},"15":{"start":{"line":68,"column":19},"end":{"line":68,"column":48}},"16":{"start":{"line":71,"column":4},"end":{"line":75,"column":null}},"17":{"start":{"line":78,"column":19},"end":{"line":78,"column":37}},"18":{"start":{"line":81,"column":4},"end":{"line":90,"column":5}},"19":{"start":{"line":83,"column":8},"end":{"line":83,"column":null}},"20":{"start":{"line":84,"column":8},"end":{"line":84,"column":13}},"21":{"start":{"line":86,"column":8},"end":{"line":86,"column":null}},"22":{"start":{"line":87,"column":8},"end":{"line":87,"column":13}},"23":{"start":{"line":89,"column":8},"end":{"line":89,"column":null}},"24":{"start":{"line":93,"column":21},"end":{"line":97,"column":6}},"25":{"start":{"line":99,"column":17},"end":{"line":99,"column":38}},"26":{"start":{"line":100,"column":4},"end":{"line":100,"column":null}},"27":{"start":{"line":102,"column":4},"end":{"line":102,"column":null}},"28":{"start":{"line":103,"column":4},"end":{"line":103,"column":null}}},"fnMap":{"0":{"name":"errorResponse","decl":{"start":{"line":30,"column":9},"end":{"line":30,"column":22}},"loc":{"start":{"line":30,"column":54},"end":{"line":35,"column":1}}},"1":{"name":"trackFrameEvent","decl":{"start":{"line":38,"column":15},"end":{"line":38,"column":30}},"loc":{"start":{"line":41,"column":14},"end":{"line":57,"column":1}}},"2":{"name":"(anonymous_2)","decl":{"start":{"line":56,"column":11},"end":{"line":56,"column":14}},"loc":{"start":{"line":56,"column":16},"end":{"line":56,"column":19}}},"3":{"name":"POST","decl":{"start":{"line":59,"column":22},"end":{"line":59,"column":26}},"loc":{"start":{"line":59,"column":43},"end":{"line":105,"column":1}}}},"branchMap":{"0":{"loc":{"start":{"line":44,"column":2},"end":{"line":44,"column":18}},"type":"if","locations":[{"start":{"line":44,"column":2},"end":{"line":44,"column":18}}]},"1":{"loc":{"start":{"line":46,"column":21},"end":{"line":46,"column":51}},"type":"binary-expr","locations":[{"start":{"line":46,"column":21},"end":{"line":46,"column":36}},{"start":{"line":46,"column":40},"end":{"line":46,"column":51}}]},"2":{"loc":{"start":{"line":62,"column":24},"end":{"line":62,"column":60}},"type":"binary-expr","locations":[{"start":{"line":62,"column":24},"end":{"line":62,"column":55}},{"start":{"line":62,"column":59},"end":{"line":62,"column":60}}]},"3":{"loc":{"start":{"line":66,"column":21},"end":{"line":66,"column":50}},"type":"binary-expr","locations":[{"start":{"line":66,"column":21},"end":{"line":66,"column":44}},{"start":{"line":66,"column":48},"end":{"line":66,"column":50}}]},"4":{"loc":{"start":{"line":68,"column":19},"end":{"line":68,"column":48}},"type":"binary-expr","locations":[{"start":{"line":68,"column":19},"end":{"line":68,"column":35}},{"start":{"line":68,"column":39},"end":{"line":68,"column":48}}]},"5":{"loc":{"start":{"line":81,"column":4},"end":{"line":90,"column":5}},"type":"switch","locations":[{"start":{"line":82,"column":6},"end":{"line":84,"column":13}},{"start":{"line":85,"column":6},"end":{"line":87,"column":13}},{"start":{"line":88,"column":6},"end":{"line":89,"column":null}}]}},"s":{"0":4,"1":4,"2":4,"3":1,"4":4,"5":4,"6":4,"7":0,"8":0,"9":4,"10":4,"11":4,"12":4,"13":4,"14":4,"15":4,"16":4,"17":4,"18":4,"19":2,"20":2,"21":1,"22":1,"23":1,"24":3,"25":3,"26":3,"27":0,"28":0},"f":{"0":1,"1":4,"2":0,"3":4},"b":{"0":[4],"1":[0,0],"2":[4,0],"3":[4,4],"4":[4,4],"5":[2,1,1]}}
,"/var/tmp/vibe-kanban-dev/worktrees/40e5-05-deploy-test/foresight-apps/app/api/preview/route.ts": {"path":"/var/tmp/vibe-kanban-dev/worktrees/40e5-05-deploy-test/foresight-apps/app/api/preview/route.ts","statementMap":{"0":{"start":{"line":21,"column":0},"end":{"line":21,"column":7}},"1":{"start":{"line":5,"column":0},"end":{"line":5,"column":55}},"2":{"start":{"line":6,"column":0},"end":{"line":6,"column":41}},"3":{"start":{"line":7,"column":0},"end":{"line":7,"column":44}},"4":{"start":{"line":8,"column":0},"end":{"line":8,"column":84}},"5":{"start":{"line":10,"column":13},"end":{"line":10,"column":null}},"6":{"start":{"line":12,"column":22},"end":{"line":19,"column":null}},"7":{"start":{"line":22,"column":2},"end":{"line":63,"column":3}},"8":{"start":{"line":23,"column":17},"end":{"line":23,"column":33}},"9":{"start":{"line":24,"column":51},"end":{"line":24,"column":77}},"10":{"start":{"line":27,"column":4},"end":{"line":29,"column":5}},"11":{"start":{"line":28,"column":6},"end":{"line":28,"column":null}},"12":{"start":{"line":31,"column":23},"end":{"line":31,"column":40}},"13":{"start":{"line":33,"column":4},"end":{"line":35,"column":5}},"14":{"start":{"line":34,"column":6},"end":{"line":34,"column":null}},"15":{"start":{"line":38,"column":19},"end":{"line":43,"column":6}},"16":{"start":{"line":45,"column":25},"end":{"line":45,"column":51}},"17":{"start":{"line":46,"column":22},"end":{"line":46,"column":64}},"18":{"start":{"line":47,"column":23},"end":{"line":47,"column":25}},"19":{"start":{"line":49,"column":16},"end":{"line":49,"column":76}},"20":{"start":{"line":51,"column":4},"end":{"line":58,"column":null}},"21":{"start":{"line":61,"column":4},"end":{"line":61,"column":null}},"22":{"start":{"line":62,"column":4},"end":{"line":62,"column":null}}},"fnMap":{"0":{"name":"POST","decl":{"start":{"line":21,"column":22},"end":{"line":21,"column":26}},"loc":{"start":{"line":21,"column":43},"end":{"line":64,"column":1}}}},"branchMap":{"0":{"loc":{"start":{"line":27,"column":4},"end":{"line":29,"column":5}},"type":"if","locations":[{"start":{"line":27,"column":4},"end":{"line":29,"column":5}}]},"1":{"loc":{"start":{"line":27,"column":8},"end":{"line":27,"column":86}},"type":"binary-expr","locations":[{"start":{"line":27,"column":8},"end":{"line":27,"column":18}},{"start":{"line":27,"column":22},"end":{"line":27,"column":86}}]},"2":{"loc":{"start":{"line":33,"column":4},"end":{"line":35,"column":5}},"type":"if","locations":[{"start":{"line":33,"column":4},"end":{"line":35,"column":5}}]}},"s":{"0":5,"1":5,"2":5,"3":5,"4":5,"5":5,"6":5,"7":5,"8":5,"9":5,"10":5,"11":3,"12":2,"13":2,"14":0,"15":2,"16":1,"17":1,"18":1,"19":1,"20":1,"21":1,"22":1},"f":{"0":5},"b":{"0":[3],"1":[5,2],"2":[0]}}
,"/var/tmp/vibe-kanban-dev/worktrees/40e5-05-deploy-test/foresight-apps/app/api/telegram-qr/route.ts": {"path":"/var/tmp/vibe-kanban-dev/worktrees/40e5-05-deploy-test/foresight-apps/app/api/telegram-qr/route.ts","statementMap":{"0":{"start":{"line":13,"column":0},"end":{"line":13,"column":7}},"1":{"start":{"line":6,"column":0},"end":{"line":6,"column":55}},"2":{"start":{"line":8,"column":13},"end":{"line":8,"column":null}},"3":{"start":{"line":11,"column":2},"end":{"line":11,"column":73}},"4":{"start":{"line":14,"column":27},"end":{"line":14,"column":43}},"5":{"start":{"line":15,"column":17},"end":{"line":15,"column":59}},"6":{"start":{"line":18,"column":2},"end":{"line":20,"column":3}},"7":{"start":{"line":19,"column":4},"end":{"line":19,"column":null}},"8":{"start":{"line":22,"column":19},"end":{"line":22,"column":48}},"9":{"start":{"line":23,"column":19},"end":{"line":23,"column":125}},"10":{"start":{"line":25,"column":2},"end":{"line":52,"column":3}},"11":{"start":{"line":26,"column":23},"end":{"line":28,"column":6}},"12":{"start":{"line":30,"column":4},"end":{"line":35,"column":5}},"13":{"start":{"line":31,"column":6},"end":{"line":34,"column":null}},"14":{"start":{"line":37,"column":21},"end":{"line":37,"column":51}},"15":{"start":{"line":39,"column":4},"end":{"line":46,"column":null}},"16":{"start":{"line":48,"column":4},"end":{"line":51,"column":null}}},"fnMap":{"0":{"name":"GET","decl":{"start":{"line":13,"column":22},"end":{"line":13,"column":25}},"loc":{"start":{"line":13,"column":42},"end":{"line":53,"column":1}}}},"branchMap":{"0":{"loc":{"start":{"line":11,"column":2},"end":{"line":11,"column":73}},"type":"binary-expr","locations":[{"start":{"line":11,"column":2},"end":{"line":11,"column":34}},{"start":{"line":11,"column":38},"end":{"line":11,"column":73}}]},"1":{"loc":{"start":{"line":15,"column":17},"end":{"line":15,"column":59}},"type":"binary-expr","locations":[{"start":{"line":15,"column":17},"end":{"line":15,"column":43}},{"start":{"line":15,"column":47},"end":{"line":15,"column":59}}]},"2":{"loc":{"start":{"line":18,"column":2},"end":{"line":20,"column":3}},"type":"if","locations":[{"start":{"line":18,"column":2},"end":{"line":20,"column":3}}]},"3":{"loc":{"start":{"line":30,"column":4},"end":{"line":35,"column":5}},"type":"if","locations":[{"start":{"line":30,"column":4},"end":{"line":35,"column":5}}]}},"s":{"0":5,"1":5,"2":5,"3":5,"4":5,"5":5,"6":5,"7":1,"8":4,"9":4,"10":4,"11":4,"12":3,"13":1,"14":2,"15":2,"16":3},"f":{"0":5},"b":{"0":[5,5],"1":[5,1],"2":[1],"3":[1]}}
,"/var/tmp/vibe-kanban-dev/worktrees/40e5-05-deploy-test/foresight-apps/app/api/telegram-webhook/route.ts": {"path":"/var/tmp/vibe-kanban-dev/worktrees/40e5-05-deploy-test/foresight-apps/app/api/telegram-webhook/route.ts","statementMap":{"0":{"start":{"line":60,"column":0},"end":{"line":60,"column":7}},"1":{"start":{"line":6,"column":0},"end":{"line":6,"column":55}},"2":{"start":{"line":8,"column":13},"end":{"line":8,"column":null}},"3":{"start":{"line":10,"column":23},"end":{"line":10,"column":59}},"4":{"start":{"line":12,"column":2},"end":{"line":12,"column":73}},"5":{"start":{"line":28,"column":2},"end":{"line":28,"column":29}},"6":{"start":{"line":28,"column":23},"end":{"line":28,"column":29}},"7":{"start":{"line":30,"column":2},"end":{"line":41,"column":null}},"8":{"start":{"line":48,"column":2},"end":{"line":48,"column":29}},"9":{"start":{"line":48,"column":23},"end":{"line":48,"column":29}},"10":{"start":{"line":50,"column":2},"end":{"line":57,"column":null}},"11":{"start":{"line":63,"column":2},"end":{"line":67,"column":3}},"12":{"start":{"line":64,"column":4},"end":{"line":64,"column":null}},"13":{"start":{"line":66,"column":4},"end":{"line":66,"column":null}},"14":{"start":{"line":69,"column":18},"end":{"line":69,"column":33}},"15":{"start":{"line":70,"column":2},"end":{"line":73,"column":3}},"16":{"start":{"line":72,"column":4},"end":{"line":72,"column":null}},"17":{"start":{"line":75,"column":25},"end":{"line":75,"column":32}},"18":{"start":{"line":77,"column":2},"end":{"line":96,"column":3}},"19":{"start":{"line":78,"column":18},"end":{"line":78,"column":42}},"20":{"start":{"line":79,"column":19},"end":{"line":79,"column":43}},"21":{"start":{"line":82,"column":4},"end":{"line":85,"column":5}},"22":{"start":{"line":83,"column":6},"end":{"line":83,"column":null}},"23":{"start":{"line":84,"column":6},"end":{"line":84,"column":null}},"24":{"start":{"line":87,"column":18},"end":{"line":87,"column":64}},"25":{"start":{"line":88,"column":20},"end":{"line":88,"column":102}},"26":{"start":{"line":90,"column":4},"end":{"line":90,"column":null}},"27":{"start":{"line":91,"column":9},"end":{"line":96,"column":3}},"28":{"start":{"line":92,"column":4},"end":{"line":95,"column":null}},"29":{"start":{"line":98,"column":2},"end":{"line":98,"column":null}}},"fnMap":{"0":{"name":"sendTelegramPhoto","decl":{"start":{"line":23,"column":15},"end":{"line":23,"column":32}},"loc":{"start":{"line":26,"column":17},"end":{"line":42,"column":1}}},"1":{"name":"sendTelegramMessage","decl":{"start":{"line":44,"column":15},"end":{"line":44,"column":34}},"loc":{"start":{"line":46,"column":14},"end":{"line":58,"column":1}}},"2":{"name":"POST","decl":{"start":{"line":60,"column":22},"end":{"line":60,"column":26}},"loc":{"start":{"line":60,"column":43},"end":{"line":99,"column":1}}}},"branchMap":{"0":{"loc":{"start":{"line":10,"column":23},"end":{"line":10,"column":59}},"type":"binary-expr","locations":[{"start":{"line":10,"column":23},"end":{"line":10,"column":53}},{"start":{"line":10,"column":57},"end":{"line":10,"column":59}}]},"1":{"loc":{"start":{"line":12,"column":2},"end":{"line":12,"column":73}},"type":"binary-expr","locations":[{"start":{"line":12,"column":2},"end":{"line":12,"column":34}},{"start":{"line":12,"column":38},"end":{"line":12,"column":73}}]},"2":{"loc":{"start":{"line":28,"column":2},"end":{"line":28,"column":29}},"type":"if","locations":[{"start":{"line":28,"column":2},"end":{"line":28,"column":29}}]},"3":{"loc":{"start":{"line":48,"column":2},"end":{"line":48,"column":29}},"type":"if","locations":[{"start":{"line":48,"column":2},"end":{"line":48,"column":29}}]},"4":{"loc":{"start":{"line":70,"column":2},"end":{"line":73,"column":3}},"type":"if","locations":[{"start":{"line":70,"column":2},"end":{"line":73,"column":3}}]},"5":{"loc":{"start":{"line":70,"column":6},"end":{"line":70,"column":31}},"type":"binary-expr","locations":[{"start":{"line":70,"column":6},"end":{"line":70,"column":14}},{"start":{"line":70,"column":18},"end":{"line":70,"column":31}}]},"6":{"loc":{"start":{"line":77,"column":2},"end":{"line":96,"column":3}},"type":"if","locations":[{"start":{"line":77,"column":2},"end":{"line":96,"column":3}},{"start":{"line":91,"column":9},"end":{"line":96,"column":3}}]},"7":{"loc":{"start":{"line":79,"column":19},"end":{"line":79,"column":43}},"type":"binary-expr","locations":[{"start":{"line":79,"column":19},"end":{"line":79,"column":27}},{"start":{"line":79,"column":31},"end":{"line":79,"column":43}}]},"8":{"loc":{"start":{"line":82,"column":4},"end":{"line":85,"column":5}},"type":"if","locations":[{"start":{"line":82,"column":4},"end":{"line":85,"column":5}}]},"9":{"loc":{"start":{"line":91,"column":9},"end":{"line":96,"column":3}},"type":"if","locations":[{"start":{"line":91,"column":9},"end":{"line":96,"column":3}}]}},"s":{"0":8,"1":8,"2":8,"3":8,"4":8,"5":2,"6":0,"7":2,"8":3,"9":1,"10":2,"11":8,"12":8,"13":1,"14":7,"15":7,"16":2,"17":5,"18":5,"19":3,"20":3,"21":3,"22":1,"23":1,"24":2,"25":2,"26":2,"27":2,"28":2,"29":4},"f":{"0":2,"1":3,"2":8},"b":{"0":[8,1],"1":[8,8],"2":[0],"3":[1],"4":[2],"5":[7,6],"6":[3,2],"7":[3,1],"8":[1],"9":[2]}}
,"/var/tmp/vibe-kanban-dev/worktrees/40e5-05-deploy-test/foresight-apps/components/ErrorBoundary.tsx": {"path":"/var/tmp/vibe-kanban-dev/worktrees/40e5-05-deploy-test/foresight-apps/components/ErrorBoundary.tsx","statementMap":{"0":{"start":{"line":6,"column":0},"end":{"line":6,"column":55}},"1":{"start":{"line":20,"column":4},"end":{"line":20,"column":null}},"2":{"start":{"line":21,"column":4},"end":{"line":21,"column":null}},"3":{"start":{"line":25,"column":4},"end":{"line":25,"column":null}},"4":{"start":{"line":29,"column":4},"end":{"line":29,"column":null}},"5":{"start":{"line":33,"column":4},"end":{"line":52,"column":5}},"6":{"start":{"line":34,"column":6},"end":{"line":51,"column":null}},"7":{"start":{"line":54,"column":4},"end":{"line":54,"column":null}},"8":{"start":{"line":18,"column":0},"end":{"line":18,"column":13}}},"fnMap":{"0":{"name":"(anonymous_0)","decl":{"start":{"line":19,"column":2},"end":{"line":19,"column":14}},"loc":{"start":{"line":19,"column":26},"end":{"line":22,"column":3}}},"1":{"name":"(anonymous_1)","decl":{"start":{"line":24,"column":2},"end":{"line":24,"column":8}},"loc":{"start":{"line":24,"column":46},"end":{"line":26,"column":3}}},"2":{"name":"(anonymous_2)","decl":{"start":{"line":28,"column":2},"end":{"line":28,"column":19}},"loc":{"start":{"line":28,"column":54},"end":{"line":30,"column":3}}},"3":{"name":"(anonymous_3)","decl":{"start":{"line":32,"column":2},"end":{"line":32,"column":8}},"loc":{"start":{"line":32,"column":8},"end":{"line":55,"column":3}}}},"branchMap":{"0":{"loc":{"start":{"line":33,"column":4},"end":{"line":52,"column":5}},"type":"if","locations":[{"start":{"line":33,"column":4},"end":{"line":52,"column":5}}]},"1":{"loc":{"start":{"line":34,"column":13},"end":{"line":50,"column":null}},"type":"binary-expr","locations":[{"start":{"line":34,"column":13},"end":{"line":34,"column":32}},{"start":{"line":35,"column":8},"end":{"line":49,"column":null}}]},"2":{"loc":{"start":{"line":39,"column":15},"end":{"line":39,"column":74}},"type":"binary-expr","locations":[{"start":{"line":39,"column":15},"end":{"line":39,"column":40}},{"start":{"line":39,"column":44},"end":{"line":39,"column":74}}]}},"s":{"0":1,"1":10,"2":9,"3":8,"4":4,"5":17,"6":8,"7":9,"8":1},"f":{"0":10,"1":8,"2":4,"3":17},"b":{"0":[8],"1":[8,6],"2":[6,0]}}
,"/var/tmp/vibe-kanban-dev/worktrees/40e5-05-deploy-test/foresight-apps/components/YieldCard.tsx": {"path":"/var/tmp/vibe-kanban-dev/worktrees/40e5-05-deploy-test/foresight-apps/components/YieldCard.tsx","statementMap":{"0":{"start":{"line":12,"column":0},"end":{"line":12,"column":16}},"1":{"start":{"line":13,"column":15},"end":{"line":13,"column":39}},"2":{"start":{"line":14,"column":18},"end":{"line":14,"column":55}},"3":{"start":{"line":16,"column":2},"end":{"line":43,"column":null}}},"fnMap":{"0":{"name":"YieldCard","decl":{"start":{"line":12,"column":16},"end":{"line":12,"column":25}},"loc":{"start":{"line":12,"column":80},"end":{"line":44,"column":1}}}},"branchMap":{},"s":{"0":1,"1":6,"2":6,"3":6},"f":{"0":6},"b":{}}
,"/var/tmp/vibe-kanban-dev/worktrees/40e5-05-deploy-test/foresight-apps/lib/constants.ts": {"path":"/var/tmp/vibe-kanban-dev/worktrees/40e5-05-deploy-test/foresight-apps/lib/constants.ts","statementMap":{"0":{"start":{"line":4,"column":13},"end":{"line":8,"column":null}},"1":{"start":{"line":10,"column":13},"end":{"line":10,"column":29}},"2":{"start":{"line":12,"column":13},"end":{"line":12,"column":51}},"3":{"start":{"line":14,"column":13},"end":{"line":14,"column":29}},"4":{"start":{"line":16,"column":13},"end":{"line":21,"column":null}}},"fnMap":{},"branchMap":{"0":{"loc":{"start":{"line":7,"column":10},"end":{"line":7,"column":95}},"type":"binary-expr","locations":[{"start":{"line":7,"column":10},"end":{"line":7,"column":47}},{"start":{"line":7,"column":51},"end":{"line":7,"column":95}}]}},"s":{"0":1,"1":1,"2":1,"3":1,"4":1},"f":{},"b":{"0":[1,1]}}
,"/var/tmp/vibe-kanban-dev/worktrees/40e5-05-deploy-test/foresight-apps/lib/viem.ts": {"path":"/var/tmp/vibe-kanban-dev/worktrees/40e5-05-deploy-test/foresight-apps/lib/viem.ts","statementMap":{"0":{"start":{"line":5,"column":0},"end":{"line":5,"column":47}},"1":{"start":{"line":6,"column":0},"end":{"line":6,"column":34}},"2":{"start":{"line":8,"column":13},"end":{"line":11,"column":null}}},"fnMap":{},"branchMap":{"0":{"loc":{"start":{"line":10,"column":18},"end":{"line":10,"column":79}},"type":"binary-expr","locations":[{"start":{"line":10,"column":18},"end":{"line":10,"column":49}},{"start":{"line":10,"column":53},"end":{"line":10,"column":79}}]}},"s":{"0":1,"1":1,"2":1},"f":{},"b":{"0":[1,1]}}
,"/var/tmp/vibe-kanban-dev/worktrees/40e5-05-deploy-test/foresight-apps/lib/wallet.ts": {"path":"/var/tmp/vibe-kanban-dev/worktrees/40e5-05-deploy-test/foresight-apps/lib/wallet.ts","statementMap":{"0":{"start":{"line":29,"column":0},"end":{"line":29,"column":7}},"1":{"start":{"line":57,"column":0},"end":{"line":57,"column":7}},"2":{"start":{"line":77,"column":0},"end":{"line":77,"column":7}},"3":{"start":{"line":90,"column":0},"end":{"line":90,"column":7}},"4":{"start":{"line":6,"column":0},"end":{"line":6,"column":49}},"5":{"start":{"line":7,"column":0},"end":{"line":7,"column":34}},"6":{"start":{"line":8,"column":0},"end":{"line":8,"column":39}},"7":{"start":{"line":9,"column":0},"end":{"line":9,"column":40}},"8":{"start":{"line":30,"column":2},"end":{"line":32,"column":3}},"9":{"start":{"line":31,"column":4},"end":{"line":31,"column":null}},"10":{"start":{"line":34,"column":20},"end":{"line":36,"column":4}},"11":{"start":{"line":38,"column":2},"end":{"line":40,"column":3}},"12":{"start":{"line":39,"column":4},"end":{"line":39,"column":null}},"13":{"start":{"line":42,"column":18},"end":{"line":42,"column":46}},"14":{"start":{"line":44,"column":23},"end":{"line":48,"column":4}},"15":{"start":{"line":50,"column":2},"end":{"line":50,"column":null}},"16":{"start":{"line":62,"column":15},"end":{"line":69,"column":4}},"17":{"start":{"line":70,"column":2},"end":{"line":70,"column":null}},"18":{"start":{"line":78,"column":2},"end":{"line":80,"column":3}},"19":{"start":{"line":79,"column":4},"end":{"line":79,"column":null}},"20":{"start":{"line":81,"column":22},"end":{"line":83,"column":4}},"21":{"start":{"line":84,"column":2},"end":{"line":84,"column":null}},"22":{"start":{"line":91,"column":2},"end":{"line":93,"column":3}},"23":{"start":{"line":92,"column":4},"end":{"line":92,"column":null}},"24":{"start":{"line":94,"column":2},"end":{"line":97,"column":null}}},"fnMap":{"0":{"name":"connectWallet","decl":{"start":{"line":29,"column":22},"end":{"line":29,"column":35}},"loc":{"start":{"line":29,"column":35},"end":{"line":51,"column":1}}},"1":{"name":"getChainId","decl":{"start":{"line":77,"column":22},"end":{"line":77,"column":32}},"loc":{"start":{"line":77,"column":32},"end":{"line":85,"column":1}}},"2":{"name":"switchToBase","decl":{"start":{"line":90,"column":22},"end":{"line":90,"column":34}},"loc":{"start":{"line":90,"column":34},"end":{"line":98,"column":1}}}},"branchMap":{"0":{"loc":{"start":{"line":30,"column":2},"end":{"line":32,"column":3}},"type":"if","locations":[{"start":{"line":30,"column":2},"end":{"line":32,"column":3}}]},"1":{"loc":{"start":{"line":30,"column":6},"end":{"line":30,"column":55}},"type":"binary-expr","locations":[{"start":{"line":30,"column":6},"end":{"line":30,"column":35}},{"start":{"line":30,"column":39},"end":{"line":30,"column":55}}]},"2":{"loc":{"start":{"line":38,"column":2},"end":{"line":40,"column":3}},"type":"if","locations":[{"start":{"line":38,"column":2},"end":{"line":40,"column":3}}]},"3":{"loc":{"start":{"line":38,"column":6},"end":{"line":38,"column":40}},"type":"binary-expr","locations":[{"start":{"line":38,"column":6},"end":{"line":38,"column":15}},{"start":{"line":38,"column":19},"end":{"line":38,"column":40}}]},"4":{"loc":{"start":{"line":60,"column":2},"end":{"line":60,"column":23}},"type":"default-arg","locations":[{"start":{"line":60,"column":11},"end":{"line":60,"column":23}}]},"5":{"loc":{"start":{"line":78,"column":2},"end":{"line":80,"column":3}},"type":"if","locations":[{"start":{"line":78,"column":2},"end":{"line":80,"column":3}}]},"6":{"loc":{"start":{"line":78,"column":6},"end":{"line":78,"column":55}},"type":"binary-expr","locations":[{"start":{"line":78,"column":6},"end":{"line":78,"column":35}},{"start":{"line":78,"column":39},"end":{"line":78,"column":55}}]},"7":{"loc":{"start":{"line":91,"column":2},"end":{"line":93,"column":3}},"type":"if","locations":[{"start":{"line":91,"column":2},"end":{"line":93,"column":3}}]},"8":{"loc":{"start":{"line":91,"column":6},"end":{"line":91,"column":55}},"type":"binary-expr","locations":[{"start":{"line":91,"column":6},"end":{"line":91,"column":35}},{"start":{"line":91,"column":39},"end":{"line":91,"column":55}}]}},"s":{"0":10,"1":10,"2":10,"3":10,"4":10,"5":10,"6":10,"7":10,"8":4,"9":2,"10":2,"11":2,"12":1,"13":1,"14":1,"15":1,"16":2,"17":2,"18":2,"19":1,"20":1,"21":1,"22":2,"23":1,"24":1},"f":{"0":4,"1":2,"2":2},"b":{"0":[2],"1":[4,3],"2":[1],"3":[2,2],"4":[1],"5":[1],"6":[2,2],"7":[1],"8":[2,2]}}
}
