TN:
SF:app/api/deposit/route.ts
FN:11,POST
FN:37,(anonymous_1)
FNF:2
FNH:2
FNDA:4,POST
FNDA:3,(anonymous_1)
DA:5,4
DA:6,4
DA:7,4
DA:9,4
DA:11,4
DA:12,4
DA:13,4
DA:14,4
DA:16,4
DA:17,1
DA:23,3
DA:24,0
DA:33,3
DA:37,3
DA:47,0
DA:48,0
LF:16
LH:13
BRDA:16,0,0,1
BRDA:23,1,0,0
BRDA:23,2,0,3
BRDA:23,2,1,3
BRF:4
BRH:3
end_of_record
TN:
SF:app/api/frame/action/route.ts
FN:30,POST
FNF:1
FNH:1
FNDA:4,POST
DA:6,4
DA:8,4
DA:30,4
DA:31,4
DA:32,4
DA:33,4
DA:36,4
DA:39,4
DA:41,2
DA:42,2
DA:44,1
DA:45,1
DA:47,1
DA:51,3
DA:57,3
DA:58,3
DA:60,0
DA:61,0
LF:18
LH:16
BRDA:33,0,0,4
BRDA:33,0,1,0
BRDA:39,1,0,2
BRDA:39,1,1,1
BRDA:39,1,2,1
BRF:5
BRH:4
end_of_record
TN:
SF:app/api/preview/route.ts
FN:21,POST
FNF:1
FNH:1
FNDA:5,POST
DA:5,5
DA:6,5
DA:7,5
DA:8,5
DA:10,5
DA:12,5
DA:21,5
DA:22,5
DA:23,5
DA:24,5
DA:27,5
DA:28,3
DA:31,2
DA:33,2
DA:34,0
DA:38,2
DA:45,1
DA:46,1
DA:47,1
DA:49,1
DA:51,1
DA:61,1
DA:62,1
LF:23
LH:22
BRDA:27,0,0,3
BRDA:27,1,0,5
BRDA:27,1,1,2
BRDA:33,2,0,0
BRF:4
BRH:3
end_of_record
TN:
SF:lib/viem.ts
FNF:0
FNH:0
DA:5,1
DA:6,1
DA:8,1
LF:3
LH:3
BRDA:10,0,0,1
BRDA:10,0,1,1
BRF:2
BRH:2
end_of_record
