TN:
SF:app/api/deposit/route.ts
FN:11,errorResponse
FN:18,POST
FN:38,(anonymous_2)
FNF:3
FNH:3
FNDA:1,errorResponse
FNDA:4,POST
FNDA:3,(anonymous_2)
DA:5,4
DA:6,4
DA:7,4
DA:9,4
DA:12,1
DA:18,4
DA:19,4
DA:20,4
DA:21,4
DA:23,4
DA:24,1
DA:27,3
DA:28,0
DA:34,3
DA:38,3
DA:48,0
DA:49,0
LF:17
LH:14
BRDA:23,0,0,1
BRDA:27,1,0,0
BRDA:27,2,0,3
BRDA:27,2,1,3
BRF:4
BRH:3
end_of_record
TN:
SF:app/api/frame/action/route.ts
FN:30,errorResponse
FN:38,trackFrameEvent
FN:56,(anonymous_2)
FN:59,POST
FNF:4
FNH:3
FNDA:1,errorResponse
FNDA:4,trackFrameEvent
FNDA:0,(anonymous_2)
FNDA:4,POST
DA:6,4
DA:8,4
DA:31,1
DA:43,4
DA:44,4
DA:46,0
DA:49,0
DA:59,4
DA:60,4
DA:61,4
DA:62,4
DA:63,4
DA:66,4
DA:67,4
DA:68,4
DA:71,4
DA:78,4
DA:81,4
DA:83,2
DA:84,2
DA:86,1
DA:87,1
DA:89,1
DA:93,3
DA:99,3
DA:100,3
DA:102,0
DA:103,0
LF:28
LH:24
BRDA:44,0,0,4
BRDA:46,1,0,0
BRDA:46,1,1,0
BRDA:62,2,0,4
BRDA:62,2,1,0
BRDA:66,3,0,4
BRDA:66,3,1,4
BRDA:68,4,0,4
BRDA:68,4,1,4
BRDA:81,5,0,2
BRDA:81,5,1,1
BRDA:81,5,2,1
BRF:12
BRH:9
end_of_record
TN:
SF:app/api/preview/route.ts
FN:21,POST
FNF:1
FNH:1
FNDA:5,POST
DA:5,5
DA:6,5
DA:7,5
DA:8,5
DA:10,5
DA:12,5
DA:21,5
DA:22,5
DA:23,5
DA:24,5
DA:27,5
DA:28,3
DA:31,2
DA:33,2
DA:34,0
DA:38,2
DA:45,1
DA:46,1
DA:47,1
DA:49,1
DA:51,1
DA:61,1
DA:62,1
LF:23
LH:22
BRDA:27,0,0,3
BRDA:27,1,0,5
BRDA:27,1,1,2
BRDA:33,2,0,0
BRF:4
BRH:3
end_of_record
TN:
SF:app/api/telegram-qr/route.ts
FN:13,GET
FNF:1
FNH:1
FNDA:5,GET
DA:6,5
DA:8,5
DA:11,5
DA:13,5
DA:14,5
DA:15,5
DA:18,5
DA:19,1
DA:22,4
DA:23,4
DA:25,4
DA:26,4
DA:30,3
DA:31,1
DA:37,2
DA:39,2
DA:48,3
LF:17
LH:17
BRDA:11,0,0,5
BRDA:11,0,1,5
BRDA:15,1,0,5
BRDA:15,1,1,1
BRDA:18,2,0,1
BRDA:30,3,0,1
BRF:6
BRH:6
end_of_record
TN:
SF:app/api/telegram-webhook/route.ts
FN:23,sendTelegramPhoto
FN:44,sendTelegramMessage
FN:60,POST
FNF:3
FNH:3
FNDA:2,sendTelegramPhoto
FNDA:3,sendTelegramMessage
FNDA:8,POST
DA:6,8
DA:8,8
DA:10,8
DA:12,8
DA:28,2
DA:30,2
DA:48,3
DA:50,2
DA:60,8
DA:63,8
DA:64,8
DA:66,1
DA:69,7
DA:70,7
DA:72,2
DA:75,5
DA:77,5
DA:78,3
DA:79,3
DA:82,3
DA:83,1
DA:84,1
DA:87,2
DA:88,2
DA:90,2
DA:91,2
DA:92,2
DA:98,4
LF:28
LH:28
BRDA:10,0,0,8
BRDA:10,0,1,1
BRDA:12,1,0,8
BRDA:12,1,1,8
BRDA:28,2,0,0
BRDA:48,3,0,1
BRDA:70,4,0,2
BRDA:70,5,0,7
BRDA:70,5,1,6
BRDA:77,6,0,3
BRDA:77,6,1,2
BRDA:79,7,0,3
BRDA:79,7,1,1
BRDA:82,8,0,1
BRDA:91,9,0,2
BRF:15
BRH:14
end_of_record
TN:
SF:components/ErrorBoundary.tsx
FN:19,(anonymous_0)
FN:24,(anonymous_1)
FN:28,(anonymous_2)
FN:32,(anonymous_3)
FNF:4
FNH:4
FNDA:10,(anonymous_0)
FNDA:8,(anonymous_1)
FNDA:4,(anonymous_2)
FNDA:17,(anonymous_3)
DA:6,1
DA:18,1
DA:20,10
DA:21,9
DA:25,8
DA:29,4
DA:33,17
DA:34,8
DA:54,9
LF:9
LH:9
BRDA:33,0,0,8
BRDA:34,1,0,8
BRDA:34,1,1,6
BRDA:39,2,0,6
BRDA:39,2,1,0
BRF:5
BRH:4
end_of_record
TN:
SF:components/YieldCard.tsx
FN:12,YieldCard
FNF:1
FNH:1
FNDA:6,YieldCard
DA:12,1
DA:13,6
DA:14,6
DA:16,6
LF:4
LH:4
BRF:0
BRH:0
end_of_record
TN:
SF:lib/constants.ts
FNF:0
FNH:0
DA:4,1
DA:10,1
DA:12,1
DA:14,1
DA:16,1
LF:5
LH:5
BRDA:7,0,0,1
BRDA:7,0,1,1
BRF:2
BRH:2
end_of_record
TN:
SF:lib/viem.ts
FNF:0
FNH:0
DA:5,1
DA:6,1
DA:8,1
LF:3
LH:3
BRDA:10,0,0,1
BRDA:10,0,1,1
BRF:2
BRH:2
end_of_record
TN:
SF:lib/wallet.ts
FN:29,connectWallet
FN:77,getChainId
FN:90,switchToBase
FNF:3
FNH:3
FNDA:4,connectWallet
FNDA:2,getChainId
FNDA:2,switchToBase
DA:6,10
DA:7,10
DA:8,10
DA:9,10
DA:29,10
DA:30,4
DA:31,2
DA:34,2
DA:38,2
DA:39,1
DA:42,1
DA:44,1
DA:50,1
DA:57,10
DA:62,2
DA:70,2
DA:77,10
DA:78,2
DA:79,1
DA:81,1
DA:84,1
DA:90,10
DA:91,2
DA:92,1
DA:94,1
LF:25
LH:25
BRDA:30,0,0,2
BRDA:30,1,0,4
BRDA:30,1,1,3
BRDA:38,2,0,1
BRDA:38,3,0,2
BRDA:38,3,1,2
BRDA:60,4,0,1
BRDA:78,5,0,1
BRDA:78,6,0,2
BRDA:78,6,1,2
BRDA:91,7,0,1
BRDA:91,8,0,2
BRDA:91,8,1,2
BRF:13
BRH:13
end_of_record
